1583169536641	addons.webextension.doh-rollout@mozilla.org	WARN	Loading extension 'doh-rollout@mozilla.org': Reading manifest: Invalid extension permission: networkStatus
1583169536675	addons.webextension.screenshots@mozilla.org	WARN	Loading extension 'screenshots@mozilla.org': Reading manifest: Invalid extension permission: mozillaAddons
1583169536675	addons.webextension.screenshots@mozilla.org	WARN	Loading extension 'screenshots@mozilla.org': Reading manifest: Invalid extension permission: telemetry
1583169536675	addons.webextension.screenshots@mozilla.org	WARN	Loading extension 'screenshots@mozilla.org': Reading manifest: Invalid extension permission: resource://pdf.js/
1583169536675	addons.webextension.screenshots@mozilla.org	WARN	Loading extension 'screenshots@mozilla.org': Reading manifest: Invalid extension permission: about:reader*
1583169539060	Marionette	INFO	Listening on port 38013
1583169539154	Marionette	WARN	TLS certificate errors will be ignored for this session
1583169614112	addons.xpi	WARN	Addon with ID google@search.mozilla.org already installed, older version will be disabled
1583169614114	addons.xpi-utils	WARN	Error: XPI database modified after shutdown began(resource://gre/modules/addons/XPIDatabase.jsm:1464:17) JS Stack trace: saveChanges@XPIDatabase.jsm:1464:17
makeAddonVisible@XPIDatabase.jsm:2267:10
addToDatabase@XPIDatabase.jsm:2194:12
install@XPIInstall.jsm:4338:27
update@XPIProvider.jsm:2046:13
1583169614114	addons.xpi-utils	WARN	Error: XPI database modified after shutdown began(resource://gre/modules/addons/XPIDatabase.jsm:1464:17) JS Stack trace: saveChanges@XPIDatabase.jsm:1464:17
addToDatabase@XPIDatabase.jsm:2197:10
install@XPIInstall.jsm:4338:27
update@XPIProvider.jsm:2046:13
JavaScript error: resource://gre/modules/DeferredTask.jsm, line 215: Error: Unable to arm timer, the object has been finalized.
JavaScript error: resource://gre/modules/AsyncShutdown.jsm, line 551: uncaught exception: undefined
1583169614262	Marionette	INFO	Stopped listening on port 38013
