1582999081695	addons.webextension.doh-rollout@mozilla.org	WARN	Loading extension 'doh-rollout@mozilla.org': Reading manifest: Invalid extension permission: networkStatus
1582999081712	addons.webextension.screenshots@mozilla.org	WARN	Loading extension 'screenshots@mozilla.org': Reading manifest: Invalid extension permission: mozillaAddons
1582999081713	addons.webextension.screenshots@mozilla.org	WARN	Loading extension 'screenshots@mozilla.org': Reading manifest: Invalid extension permission: telemetry
1582999081713	addons.webextension.screenshots@mozilla.org	WARN	Loading extension 'screenshots@mozilla.org': Reading manifest: Invalid extension permission: resource://pdf.js/
1582999081713	addons.webextension.screenshots@mozilla.org	WARN	Loading extension 'screenshots@mozilla.org': Reading manifest: Invalid extension permission: about:reader*
1582999082640	Marionette	INFO	Listening on port 40109
1582999082706	Marionette	WARN	TLS certificate errors will be ignored for this session
JavaScript warning: http://rental20.infotiv.net/webpage/html/gui/myPage.php, line 71: unreachable code after return statement
JavaScript error: https://eus.rubiconproject.com/usync.html, line 12: SecurityError: The operation is insecure.
JavaScript error: https://tpc.googlesyndication.com/sadbundle/$csp%3Der3$/15801476605579811149/300x600/MALL_DisplayAd_VaraPrisOnline_300x600.html#t=8030768507442656285&p=https%3A%2F%2Fgoogleads.g.doubleclick.net, line 3: TypeError: this.gotoAndStop is not a function
JavaScript warning: https://www.googletagservices.com/activeview/js/current/osd.js?cb=%2Fr20100101, line 6: Error: Script terminated by timeout at:
Kf@https://www.googletagservices.com/activeview/js/current/osd.js?cb=%2Fr20100101:6:43384
mg@https://www.googletagservices.com/activeview/js/current/osd.js?cb=%2Fr20100101:6:51732
lg@https://www.googletagservices.com/activeview/js/current/osd.js?cb=%2Fr20100101:6:50693
yg@https://www.googletagservices.com/activeview/js/current/osd.js?cb=%2Fr20100101:6:64318
zg.prototype.a@https://www.googletagservices.com/activeview/js/current/osd.js?cb=%2Fr20100101:6:54990
hg/<@https://www.googletagservices.com/activeview/js/current/osd.js?cb=%2Fr20100101:6:49346
w@https://www.googletagservices.com/activeview/js/current/osd.js?cb=%2Fr20100101:6:3613
hg@https://www.googletagservices.com/activeview/js/current/osd.js?cb=%2Fr20100101:6:49319
gh/<@https://www.googletagservices.com/activeview/js/current/osd.js?cb=%2Fr20100101:6:63527
w@https://www.googletagservices.com/activeview/js/current/osd.js?cb=%2Fr20100101:6:3613
gh@https://www.googletagservices.com/activeview/js/current/osd.js?cb=%2Fr20100101:6:63498
eh@https://www.googletagservices.com/activeview/js/current/osd.js?cb=%2Fr20100101:6:60183
bh.prototype.Ab@https://www.googletagservices.com/activeview/js/current/osd.js?cb=%2Fr20100101:6:59857
Te/a.a<@https://www.googletagservices.com/activeview/js/current/osd.js?cb=%2Fr20100101:6:34299
$d/</<@https://www.googletagservices.com/activeview/js/current/osd.js?cb=%2Fr20100101:6:26843
Xd/<@https://www.googletagservices.com/activeview/js/current/osd.js?cb=%2Fr20100101:6:26385
Gd/<@https://www.googletagservices.com/activeview/js/current/osd.js?cb=%2Fr20100101:6:23765
Xd@https://www.googletagservices.com/activeview/js/current/osd.js?cb=%2Fr20100101:6:26693
$d/<@https://www.googletagservices.com/activeview/js/current/osd.js?cb=%2Fr20100101:6:26816
Gd/<@https://www.googletagservices.com/activeview/js/current/osd.js?cb=%2Fr20100101:6:23765
Gd/<@https://www.googletagservices.com/activeview/js/current/osd.js?cb=%2Fr20100101:6:23809

1583001540438	Marionette	INFO	Stopped listening on port 40109
