1583076778365	addons.webextension.doh-rollout@mozilla.org	WARN	Loading extension 'doh-rollout@mozilla.org': Reading manifest: Invalid extension permission: networkStatus
1583076778387	addons.webextension.screenshots@mozilla.org	WARN	Loading extension 'screenshots@mozilla.org': Reading manifest: Invalid extension permission: mozillaAddons
1583076778387	addons.webextension.screenshots@mozilla.org	WARN	Loading extension 'screenshots@mozilla.org': Reading manifest: Invalid extension permission: telemetry
1583076778387	addons.webextension.screenshots@mozilla.org	WARN	Loading extension 'screenshots@mozilla.org': Reading manifest: Invalid extension permission: resource://pdf.js/
1583076778387	addons.webextension.screenshots@mozilla.org	WARN	Loading extension 'screenshots@mozilla.org': Reading manifest: Invalid extension permission: about:reader*
1583076779335	Marionette	INFO	Listening on port 44019
1583076779359	Marionette	WARN	TLS certificate errors will be ignored for this session
JavaScript warning: http://rental20.infotiv.net/webpage/html/gui/myPage.php, line 122: unreachable code after return statement
1583076782159	Marionette	WARN	TimedPromise timed out after 0 ms: stacktrace:
TimedPromise/<@chrome://marionette/content/sync.js:244:13
TimedPromise@chrome://marionette/content/sync.js:229:10
Sleep@chrome://marionette/content/sync.js:282:10
dispatchPause@chrome://marionette/content/action.js:1482:10
toEvents/<@chrome://marionette/content/action.js:1156:16
action.dispatchTickActions@chrome://marionette/content/action.js:1060:35
action.dispatch/chainEvents<@chrome://marionette/content/action.js:1028:20
action.dispatch@chrome://marionette/content/action.js:1034:5
performActions@chrome://marionette/content/listener.js:850:16
dispatch/</req<@chrome://marionette/content/listener.js:527:14
dispatch/<@chrome://marionette/content/listener.js:520:15
1583076782416	Marionette	WARN	TimedPromise timed out after 0 ms: stacktrace:
TimedPromise/<@chrome://marionette/content/sync.js:244:13
TimedPromise@chrome://marionette/content/sync.js:229:10
Sleep@chrome://marionette/content/sync.js:282:10
dispatchPause@chrome://marionette/content/action.js:1482:10
toEvents/<@chrome://marionette/content/action.js:1156:16
action.dispatchTickActions@chrome://marionette/content/action.js:1060:35
action.dispatch/chainEvents<@chrome://marionette/content/action.js:1028:20
1583076782425	Marionette	WARN	TimedPromise timed out after 0 ms: stacktrace:
TimedPromise/<@chrome://marionette/content/sync.js:244:13
TimedPromise@chrome://marionette/content/sync.js:229:10
Sleep@chrome://marionette/content/sync.js:282:10
dispatchPause@chrome://marionette/content/action.js:1482:10
toEvents/<@chrome://marionette/content/action.js:1156:16
action.dispatchTickActions@chrome://marionette/content/action.js:1060:35
action.dispatch/chainEvents<@chrome://marionette/content/action.js:1028:20
1583076782444	Marionette	WARN	TimedPromise timed out after 0 ms: stacktrace:
TimedPromise/<@chrome://marionette/content/sync.js:244:13
TimedPromise@chrome://marionette/content/sync.js:229:10
Sleep@chrome://marionette/content/sync.js:282:10
dispatchPause@chrome://marionette/content/action.js:1482:10
toEvents/<@chrome://marionette/content/action.js:1156:16
action.dispatchTickActions@chrome://marionette/content/action.js:1060:35
action.dispatch/chainEvents<@chrome://marionette/content/action.js:1028:20
action.dispatch@chrome://marionette/content/action.js:1034:5
performActions@chrome://marionette/content/listener.js:850:16
dispatch/</req<@chrome://marionette/content/listener.js:527:14
dispatch/<@chrome://marionette/content/listener.js:520:15
1583076782445	Marionette	WARN	TimedPromise timed out after 0 ms: stacktrace:
TimedPromise/<@chrome://marionette/content/sync.js:244:13
TimedPromise@chrome://marionette/content/sync.js:229:10
Sleep@chrome://marionette/content/sync.js:282:10
dispatchPause@chrome://marionette/content/action.js:1482:10
toEvents/<@chrome://marionette/content/action.js:1156:16
action.dispatchTickActions@chrome://marionette/content/action.js:1060:35
action.dispatch/chainEvents<@chrome://marionette/content/action.js:1028:20
JavaScript error: chrome://global/content/bindings/datepicker.js, line 302: TypeError: this.state is undefined
1583076782447	Marionette	WARN	TimedPromise timed out after 0 ms: stacktrace:
TimedPromise/<@chrome://marionette/content/sync.js:244:13
TimedPromise@chrome://marionette/content/sync.js:229:10
Sleep@chrome://marionette/content/sync.js:282:10
dispatchPause@chrome://marionette/content/action.js:1482:10
toEvents/<@chrome://marionette/content/action.js:1156:16
action.dispatchTickActions@chrome://marionette/content/action.js:1060:35
action.dispatch/chainEvents<@chrome://marionette/content/action.js:1028:20
1583076782447	Marionette	WARN	TimedPromise timed out after 0 ms: stacktrace:
TimedPromise/<@chrome://marionette/content/sync.js:244:13
TimedPromise@chrome://marionette/content/sync.js:229:10
Sleep@chrome://marionette/content/sync.js:282:10
dispatchPause@chrome://marionette/content/action.js:1482:10
toEvents/<@chrome://marionette/content/action.js:1156:16
action.dispatchTickActions@chrome://marionette/content/action.js:1060:35
action.dispatch/chainEvents<@chrome://marionette/content/action.js:1028:20
1583076792296	Marionette	INFO	Stopped listening on port 44019
