1583169543101	addons.webextension.doh-rollout@mozilla.org	WARN	Loading extension 'doh-rollout@mozilla.org': Reading manifest: Invalid extension permission: networkStatus
1583169543136	addons.webextension.screenshots@mozilla.org	WARN	Loading extension 'screenshots@mozilla.org': Reading manifest: Invalid extension permission: mozillaAddons
1583169543136	addons.webextension.screenshots@mozilla.org	WARN	Loading extension 'screenshots@mozilla.org': Reading manifest: Invalid extension permission: telemetry
1583169543136	addons.webextension.screenshots@mozilla.org	WARN	Loading extension 'screenshots@mozilla.org': Reading manifest: Invalid extension permission: resource://pdf.js/
1583169543136	addons.webextension.screenshots@mozilla.org	WARN	Loading extension 'screenshots@mozilla.org': Reading manifest: Invalid extension permission: about:reader*
1583169545669	Marionette	INFO	Listening on port 35841
1583169545747	Marionette	WARN	TLS certificate errors will be ignored for this session
JavaScript warning: http://rental20.infotiv.net/webpage/html/gui/myPage.php, line 71: unreachable code after return statement
1583169613782	addons.xpi	WARN	Addon with ID google@search.mozilla.org already installed, older version will be disabled
1583169613783	addons.xpi-utils	WARN	Error: XPI database modified after shutdown began(resource://gre/modules/addons/XPIDatabase.jsm:1464:17) JS Stack trace: saveChanges@XPIDatabase.jsm:1464:17
makeAddonVisible@XPIDatabase.jsm:2267:10
addToDatabase@XPIDatabase.jsm:2194:12
install@XPIInstall.jsm:4338:27
update@XPIProvider.jsm:2046:13
1583169613784	addons.xpi-utils	WARN	Error: XPI database modified after shutdown began(resource://gre/modules/addons/XPIDatabase.jsm:1464:17) JS Stack trace: saveChanges@XPIDatabase.jsm:1464:17
addToDatabase@XPIDatabase.jsm:2197:10
install@XPIInstall.jsm:4338:27
update@XPIProvider.jsm:2046:13
JavaScript error: , line 0: uncaught exception: undefined
1583169613940	Marionette	INFO	Stopped listening on port 35841
