1583169361790	addons.webextension.doh-rollout@mozilla.org	WARN	Loading extension 'doh-rollout@mozilla.org': Reading manifest: Invalid extension permission: networkStatus
1583169361824	addons.webextension.screenshots@mozilla.org	WARN	Loading extension 'screenshots@mozilla.org': Reading manifest: Invalid extension permission: mozillaAddons
1583169361824	addons.webextension.screenshots@mozilla.org	WARN	Loading extension 'screenshots@mozilla.org': Reading manifest: Invalid extension permission: telemetry
1583169361824	addons.webextension.screenshots@mozilla.org	WARN	Loading extension 'screenshots@mozilla.org': Reading manifest: Invalid extension permission: resource://pdf.js/
1583169361825	addons.webextension.screenshots@mozilla.org	WARN	Loading extension 'screenshots@mozilla.org': Reading manifest: Invalid extension permission: about:reader*
1583169364198	Marionette	INFO	Listening on port 45173
1583169364279	Marionette	WARN	TLS certificate errors will be ignored for this session
JavaScript warning: http://rental20.infotiv.net/webpage/html/gui/myPage.php, line 71: unreachable code after return statement
JavaScript warning: http://rental20.infotiv.net/webpage/html/gui/myPage.php, line 102: unreachable code after return statement
JavaScript warning: http://rental20.infotiv.net/webpage/html/gui/myPage.php, line 102: unreachable code after return statement
1583169419685	Marionette	WARN	TimedPromise timed out after 500 ms: stacktrace:
TimedPromise/<@chrome://marionette/content/sync.js:244:13
TimedPromise@chrome://marionette/content/sync.js:229:10
interaction.flushEventLoop@chrome://marionette/content/interaction.js:416:10
webdriverClickElement@chrome://marionette/content/interaction.js:182:31
JavaScript error: http://rental20.infotiv.net/webpage/html/gui/myPage.php, line 99: TypeError: document.getElementById(...).submit is not a function
1583169617583	addons.xpi	WARN	Addon with ID google@search.mozilla.org already installed, older version will be disabled
1583169617584	addons.xpi-utils	WARN	Error: XPI database modified after shutdown began(resource://gre/modules/addons/XPIDatabase.jsm:1464:17) JS Stack trace: saveChanges@XPIDatabase.jsm:1464:17
makeAddonVisible@XPIDatabase.jsm:2267:10
addToDatabase@XPIDatabase.jsm:2194:12
install@XPIInstall.jsm:4338:27
update@XPIProvider.jsm:2046:13
1583169617584	addons.xpi-utils	WARN	Error: XPI database modified after shutdown began(resource://gre/modules/addons/XPIDatabase.jsm:1464:17) JS Stack trace: saveChanges@XPIDatabase.jsm:1464:17
addToDatabase@XPIDatabase.jsm:2197:10
install@XPIInstall.jsm:4338:27
update@XPIProvider.jsm:2046:13
Extension error: Data is not ready. resource://gre/modules/JSONFile.jsm:173 :: get data@resource://gre/modules/JSONFile.jsm:173:13
_get@resource://gre/modules/ExtensionPermissions.jsm:68:17
observe@resource://gre/modules/AsyncShutdown.jsm:551:16

1583169617655	addons.xpi	WARN	Exception running bootstrap method startup on google@search.mozilla.org: Error: Data is not ready.(resource://gre/modules/JSONFile.jsm:173:13) JS Stack trace: get data@JSONFile.jsm:173:13
_get@ExtensionPermissions.jsm:68:17
observe@AsyncShutdown.jsm:551:16
JavaScript error: resource://gre/modules/DeferredTask.jsm, line 215: Error: Unable to arm timer, the object has been finalized.
JavaScript error: resource://gre/modules/AsyncShutdown.jsm, line 551: uncaught exception: undefined
1583169617696	Marionette	INFO	Stopped listening on port 45173
