1583169562485	addons.webextension.doh-rollout@mozilla.org	WARN	Loading extension 'doh-rollout@mozilla.org': Reading manifest: Invalid extension permission: networkStatus
1583169562519	addons.webextension.screenshots@mozilla.org	WARN	Loading extension 'screenshots@mozilla.org': Reading manifest: Invalid extension permission: mozillaAddons
1583169562520	addons.webextension.screenshots@mozilla.org	WARN	Loading extension 'screenshots@mozilla.org': Reading manifest: Invalid extension permission: telemetry
1583169562520	addons.webextension.screenshots@mozilla.org	WARN	Loading extension 'screenshots@mozilla.org': Reading manifest: Invalid extension permission: resource://pdf.js/
1583169562520	addons.webextension.screenshots@mozilla.org	WARN	Loading extension 'screenshots@mozilla.org': Reading manifest: Invalid extension permission: about:reader*
1583169565230	Marionette	INFO	Listening on port 45311
1583169565250	Marionette	WARN	TLS certificate errors will be ignored for this session
JavaScript warning: http://rental20.infotiv.net/webpage/html/gui/myPage.php, line 71: unreachable code after return statement
JavaScript error: http://rental20.infotiv.net/webpage/libs/js/jquery.multiselect.js, line 920: ReferenceError: jQuery is not defined
JavaScript error: http://rental20.infotiv.net/webpage/html/gui/showCars.php, line 564: ReferenceError: $ is not defined
JavaScript warning: http://rental20.infotiv.net/webpage/html/gui/myPage.php, line 102: unreachable code after return statement
JavaScript warning: http://rental20.infotiv.net/webpage/html/gui/myPage.php, line 102: unreachable code after return statement
JavaScript error: http://rental20.infotiv.net/webpage/html/gui/myPage.php, line 99: TypeError: document.getElementById(...).submit is not a function
JavaScript error: http://rental20.infotiv.net/webpage/html/gui/myPage.php, line 1: ReferenceError: alternate is not defined
1583169612466	addons.xpi-utils	WARN	Error: XPI database modified after shutdown began(resource://gre/modules/addons/XPIDatabase.jsm:1464:17) JS Stack trace: saveChanges@XPIDatabase.jsm:1464:17
makeAddonVisible@XPIDatabase.jsm:2267:10
addToDatabase@XPIDatabase.jsm:2194:12
install@XPIInstall.jsm:4338:27
_activateAddon@XPIInstall.jsm:4365:7
observe@AsyncShutdown.jsm:551:16
1583169612467	addons.xpi-utils	WARN	Error: XPI database modified after shutdown began(resource://gre/modules/addons/XPIDatabase.jsm:1464:17) JS Stack trace: saveChanges@XPIDatabase.jsm:1464:17
addToDatabase@XPIDatabase.jsm:2197:10
install@XPIInstall.jsm:4338:27
_activateAddon@XPIInstall.jsm:4365:7
observe@AsyncShutdown.jsm:551:16
JavaScript error: resource://gre/modules/AsyncShutdown.jsm, line 551: uncaught exception: undefined
1583169612717	Marionette	INFO	Stopped listening on port 45311
